{
  "RSpec": {
    "coverage": {
      "/Users/emmaalbury/Desktop/Makers/bank_tech_test/spec/features/record_feature_spec.rb": [
        null,
        null,
        null,
        null,
        null,
        null,
        null,
        null,
        null,
        null,
        null,
        null,
        null,
        null,
        null,
        null,
        null,
        null,
        null,
        null,
        null,
        null
      ],
      "/Users/emmaalbury/Desktop/Makers/bank_tech_test/spec/record_spec.rb": [
        1,
        null,
        1,
        null,
        4,
        null,
        1,
        1,
        1,
        1,
        null,
        null,
        1,
        1,
        1,
        null,
        null,
        null,
        1,
        1,
        1,
        1,
        1,
        null,
        null,
        null
      ],
      "/Users/emmaalbury/Desktop/Makers/bank_tech_test/lib/record.rb": [
        1,
        1,
        null,
        1,
        3,
        3,
        null,
        null,
        1,
        2,
        1,
        null,
        null,
        1,
        null,
        null,
        2,
        null,
        null,
        1,
        1,
        1,
        1,
        null,
        null
      ],
      "/Users/emmaalbury/Desktop/Makers/bank_tech_test/spec/transaction_spec.rb": [
        1,
        null,
        1,
        1,
        1,
        0,
        null,
        null,
        null,
        1,
        2,
        null,
        null,
        null,
        1,
        1,
        1,
        0,
        null,
        null,
        null,
        1,
        2,
        null,
        null
      ]
    },
    "timestamp": 1542838420
  }
}
